<?xml version="1.0" encoding="UTF-8"?>
<!-- Generated by org.testng.reporters.JUnitReportReporter -->
<testsuite hostname="DESKTOP-BTT1ES6" failures="0" tests="2" name="TestScenarios.TestMethod" time="11.026" errors="0" timestamp="2024-02-25T14:22:25 IST" skipped="0">
  <testcase classname="TestScenarios.TestMethod" name="SearchOperation" time="10.116"/>
  <system-out/>
  <testcase classname="TestScenarios.TestMethod" name="login" time="0.910"/>
  <system-out/>
</testsuite> <!-- TestScenarios.TestMethod -->
